#-----------------------------------------------------------
# Vivado v2018.3 (64-bit)
# SW Build 2405991 on Thu Dec  6 23:38:27 MST 2018
# IP Build 2404404 on Fri Dec  7 01:43:56 MST 2018
# Start of session at: Sun Apr  5 15:43:57 2026
# Process ID: 38648
# Current directory: C:/Users/Bogda/Desktop/facky/an2/sem2/CA/DSD/Project/IMPLEMENTATION/mainproj
# Command line: vivado.exe -gui_launcher_event rodinguilauncherevent38708 C:\Users\Bogda\Desktop\facky\an2\sem2\CA\DSD\Project\IMPLEMENTATION\mainproj\mainproj.xpr
# Log file: C:/Users/Bogda/Desktop/facky/an2/sem2/CA/DSD/Project/IMPLEMENTATION/mainproj/vivado.log
# Journal file: C:/Users/Bogda/Desktop/facky/an2/sem2/CA/DSD/Project/IMPLEMENTATION/mainproj\vivado.jou
#-----------------------------------------------------------
start_gui
open_project C:/Users/Bogda/Desktop/facky/an2/sem2/CA/DSD/Project/IMPLEMENTATION/mainproj/mainproj.xpr
INFO: [Project 1-313] Project file moved from 'C:/Users/Bogda/Desktop/facky/Sem2/DSD/Project/IMPLEMENTATION/mainproj' since last save.
Scanning sources...
Finished scanning sources
INFO: [IP_Flow 19-234] Refreshing IP repositories
INFO: [IP_Flow 19-1704] No user IP repositories specified
INFO: [IP_Flow 19-2313] Loaded Vivado IP repository 'C:/Vivado/Vivado/Vivado/2018.3/data/ip'.
open_project: Time (s): cpu = 00:00:11 ; elapsed = 00:00:05 . Memory (MB): peak = 719.848 ; gain = 91.438
update_compile_order -fileset sources_1
add_files -norecurse {{C:/Users/Bogda/Desktop/facky/an2/sem2/CA/DSD/Vivado Projects/lab7DFFtb/lab7DFFtb.srcs/sources_1/new/DFF.vhd}}
WARNING: [filemgmt 56-12] File 'C:/Users/Bogda/Desktop/facky/an2/sem2/CA/DSD/Vivado Projects/lab7DFFtb/lab7DFFtb.srcs/sources_1/new/DFF.vhd' cannot be added to the project because it already exists in the project, skipping this file
add_files -norecurse {{C:/Users/Bogda/Desktop/facky/an2/sem2/CA/DSD/Vivado Projects/lab7DFFtb/lab7DFFtb.srcs/sources_1/new/DFF.vhd}}
WARNING: [filemgmt 56-12] File 'C:/Users/Bogda/Desktop/facky/an2/sem2/CA/DSD/Vivado Projects/lab7DFFtb/lab7DFFtb.srcs/sources_1/new/DFF.vhd' cannot be added to the project because it already exists in the project, skipping this file
add_files -norecurse {{C:/Users/Bogda/Desktop/facky/an2/sem2/CA/DSD/Vivado Projects/lab7DFFtb/lab7DFFtb.srcs/sources_1/new/DFF.vhd}}
WARNING: [filemgmt 56-12] File 'C:/Users/Bogda/Desktop/facky/an2/sem2/CA/DSD/Vivado Projects/lab7DFFtb/lab7DFFtb.srcs/sources_1/new/DFF.vhd' cannot be added to the project because it already exists in the project, skipping this file
close [ open C:/Users/Bogda/Desktop/facky/an2/sem2/CA/DSD/Project/IMPLEMENTATION/mainproj/mainproj.srcs/sources_1/new/dflipflop.vhd w ]
add_files C:/Users/Bogda/Desktop/facky/an2/sem2/CA/DSD/Project/IMPLEMENTATION/mainproj/mainproj.srcs/sources_1/new/dflipflop.vhd
update_compile_order -fileset sources_1
close_project
create_project project_1 C:/Users/Bogda/Desktop/facky/an2/sem2/CA/DSD/Project/IMPLEMENTATION/project_1 -part xc7k70tfbv676-1
INFO: [IP_Flow 19-234] Refreshing IP repositories
INFO: [IP_Flow 19-1704] No user IP repositories specified
INFO: [IP_Flow 19-2313] Loaded Vivado IP repository 'C:/Vivado/Vivado/Vivado/2018.3/data/ip'.
add_files -norecurse {{C:/Users/Bogda/Desktop/facky/an2/sem2/CA/DSD/Vivado Projects/lab7DFFtb/lab7DFFtb.srcs/sources_1/new/DFF.vhd}}
update_compile_order -fileset sources_1
add_files -norecurse C:/Users/Bogda/Desktop/facky/an2/sem2/CA/DSD/Project/IMPLEMENTATION/mainproj/mainproj.srcs/sources_1/new/DFF.vhd
update_compile_order -fileset sources_1
close_project
open_project C:/Users/Bogda/Desktop/facky/an2/sem2/CA/DSD/Project/IMPLEMENTATION/mainproj/mainproj.xpr
Scanning sources...
Finished scanning sources
INFO: [IP_Flow 19-234] Refreshing IP repositories
INFO: [IP_Flow 19-1704] No user IP repositories specified
INFO: [IP_Flow 19-2313] Loaded Vivado IP repository 'C:/Vivado/Vivado/Vivado/2018.3/data/ip'.
update_compile_order -fileset sources_1
export_ip_user_files -of_objects  [get_files C:/Users/Bogda/Desktop/facky/an2/sem2/CA/DSD/Project/IMPLEMENTATION/mainproj/mainproj.srcs/sources_1/new/dflipflop.vhd] -no_script -reset -force -quiet
remove_files  C:/Users/Bogda/Desktop/facky/an2/sem2/CA/DSD/Project/IMPLEMENTATION/mainproj/mainproj.srcs/sources_1/new/dflipflop.vhd
